<?xml version="1.0" encoding="UTF-8"?>
<testng-results ignored="0" total="3" passed="3" failed="0" skipped="0">
  <reporter-output>
  </reporter-output>
  <suite started-at="2024-03-07T07:21:30Z" name="XYZ Bank test suite" finished-at="2024-03-07T07:21:52Z" duration-ms="22320">
    <groups>
    </groups>
    <test started-at="2024-03-07T07:21:30Z" name="XYZ Bank testcases" finished-at="2024-03-07T07:21:52Z" duration-ms="22320">
      <class name="com.xyz.qa.Testcases.BankManagerLoginPageTest">
        <test-method is-config="true" signature="setUp()[pri:0, instance:com.xyz.qa.Testcases.BankManagerLoginPageTest@394a2528]" started-at="2024-03-07T12:51:30Z" name="setUp" finished-at="2024-03-07T12:51:35Z" duration-ms="5798" status="PASS">
          <reporter-output>
          </reporter-output>
        </test-method> <!-- setUp -->
        <test-method signature="BankManagerLoginTitleTest()[pri:1, instance:com.xyz.qa.Testcases.BankManagerLoginPageTest@394a2528]" started-at="2024-03-07T12:51:35Z" name="BankManagerLoginTitleTest" finished-at="2024-03-07T12:51:36Z" duration-ms="686" status="PASS">
          <reporter-output>
          </reporter-output>
        </test-method> <!-- BankManagerLoginTitleTest -->
        <test-method is-config="true" signature="tearDown()[pri:0, instance:com.xyz.qa.Testcases.BankManagerLoginPageTest@394a2528]" started-at="2024-03-07T12:51:36Z" name="tearDown" finished-at="2024-03-07T12:51:37Z" duration-ms="865" status="PASS">
          <reporter-output>
          </reporter-output>
        </test-method> <!-- tearDown -->
        <test-method is-config="true" signature="setUp()[pri:0, instance:com.xyz.qa.Testcases.BankManagerLoginPageTest@394a2528]" started-at="2024-03-07T12:51:37Z" name="setUp" finished-at="2024-03-07T12:51:43Z" duration-ms="5547" status="PASS">
          <reporter-output>
          </reporter-output>
        </test-method> <!-- setUp -->
        <test-method signature="xyzLogoTest()[pri:2, instance:com.xyz.qa.Testcases.BankManagerLoginPageTest@394a2528]" started-at="2024-03-07T12:51:43Z" name="xyzLogoTest" finished-at="2024-03-07T12:51:43Z" duration-ms="693" status="PASS">
          <reporter-output>
          </reporter-output>
        </test-method> <!-- xyzLogoTest -->
        <test-method is-config="true" signature="tearDown()[pri:0, instance:com.xyz.qa.Testcases.BankManagerLoginPageTest@394a2528]" started-at="2024-03-07T12:51:43Z" name="tearDown" finished-at="2024-03-07T12:51:44Z" duration-ms="786" status="PASS">
          <reporter-output>
          </reporter-output>
        </test-method> <!-- tearDown -->
        <test-method is-config="true" signature="setUp()[pri:0, instance:com.xyz.qa.Testcases.BankManagerLoginPageTest@394a2528]" started-at="2024-03-07T12:51:44Z" name="setUp" finished-at="2024-03-07T12:51:50Z" duration-ms="6136" status="PASS">
          <reporter-output>
          </reporter-output>
        </test-method> <!-- setUp -->
        <test-method signature="ManagerLoginTest()[pri:3, instance:com.xyz.qa.Testcases.BankManagerLoginPageTest@394a2528]" started-at="2024-03-07T12:51:50Z" name="ManagerLoginTest" finished-at="2024-03-07T12:51:51Z" duration-ms="1015" status="PASS">
          <reporter-output>
          </reporter-output>
        </test-method> <!-- ManagerLoginTest -->
        <test-method is-config="true" signature="tearDown()[pri:0, instance:com.xyz.qa.Testcases.BankManagerLoginPageTest@394a2528]" started-at="2024-03-07T12:51:51Z" name="tearDown" finished-at="2024-03-07T12:51:52Z" duration-ms="764" status="PASS">
          <reporter-output>
          </reporter-output>
        </test-method> <!-- tearDown -->
      </class> <!-- com.xyz.qa.Testcases.BankManagerLoginPageTest -->
    </test> <!-- XYZ Bank testcases -->
  </suite> <!-- XYZ Bank test suite -->
</testng-results>
